Temp/gradleOut/launcher/build/intermediates/manifest_merge_blame_file/release/manifest-merger-blame-release-report.txt
1<?xml version="1.0" encoding="utf-8"?>
2<!-- GENERATED BY UNITY. REMOVE THIS COMMENT TO PREVENT OVERWRITING WHEN EXPORTING AGAIN -->
3<manifest xmlns:android="http://schemas.android.com/apk/res/android"
4    package="com.linxinfa.game"
5    android:installLocation="preferExternal"
6    android:versionCode="1"
7    android:versionName="0.1" >
8
9    <uses-sdk
10        android:minSdkVersion="19"
10-->src\main\AndroidManifest.xml
11        android:targetSdkVersion="28" />
11-->src\main\AndroidManifest.xml
12
13    <supports-screens
13-->src\main\AndroidManifest.xml:4:3-163
14        android:anyDensity="true"
14-->src\main\AndroidManifest.xml:4:135-160
15        android:largeScreens="true"
15-->src\main\AndroidManifest.xml:4:78-105
16        android:normalScreens="true"
16-->src\main\AndroidManifest.xml:4:49-77
17        android:smallScreens="true"
17-->src\main\AndroidManifest.xml:4:21-48
18        android:xlargeScreens="true" />
18-->src\main\AndroidManifest.xml:4:106-134
19
20    <uses-permission android:name="android.permission.ACCESS_NETWORK_STATE" />
20-->src\main\AndroidManifest.xml:8:3-77
20-->src\main\AndroidManifest.xml:8:20-74
21    <uses-permission android:name="android.permission.INTERNET" />
21-->src\main\AndroidManifest.xml:9:3-65
21-->src\main\AndroidManifest.xml:9:20-62
22
23    <uses-feature android:glEsVersion="0x00030000" />
23-->[:unityLibrary] AndroidManifest.xml:13:5-54
23-->[:unityLibrary] AndroidManifest.xml:13:19-51
24    <uses-feature
24-->[:unityLibrary] AndroidManifest.xml:14:5-16:36
25        android:name="android.hardware.vulkan.version"
25-->[:unityLibrary] AndroidManifest.xml:15:9-55
26        android:required="false" />
26-->[:unityLibrary] AndroidManifest.xml:16:9-33
27    <uses-feature
27-->[:unityLibrary] AndroidManifest.xml:17:5-19:36
28        android:name="android.hardware.touchscreen"
28-->[:unityLibrary] AndroidManifest.xml:18:9-52
29        android:required="false" />
29-->[:unityLibrary] AndroidManifest.xml:19:9-33
30    <uses-feature
30-->[:unityLibrary] AndroidManifest.xml:20:5-22:36
31        android:name="android.hardware.touchscreen.multitouch"
31-->[:unityLibrary] AndroidManifest.xml:21:9-63
32        android:required="false" />
32-->[:unityLibrary] AndroidManifest.xml:22:9-33
33    <uses-feature
33-->[:unityLibrary] AndroidManifest.xml:23:5-25:36
34        android:name="android.hardware.touchscreen.multitouch.distinct"
34-->[:unityLibrary] AndroidManifest.xml:24:9-72
35        android:required="false" />
35-->[:unityLibrary] AndroidManifest.xml:25:9-33
36
37    <application
37-->src\main\AndroidManifest.xml:5:3-7:17
38        android:extractNativeLibs="true"
38-->src\main\AndroidManifest.xml:5:16-48
39        android:icon="@mipmap/app_icon"
39-->src\main\AndroidManifest.xml:5:82-113
40        android:label="@string/app_name" >
40-->src\main\AndroidManifest.xml:5:49-81
41        <meta-data
41-->src\main\AndroidManifest.xml:6:5-72
42            android:name="unity.builder"
42-->src\main\AndroidManifest.xml:6:16-44
43            android:value="\1728049" />
43-->src\main\AndroidManifest.xml:6:45-69
44
45        <activity
45-->[:unityLibrary] AndroidManifest.xml:28:9-47:20
46            android:name="com.linxinfa.game.MyActivity"
46-->[:unityLibrary] AndroidManifest.xml:29:13-56
47            android:configChanges="mcc|mnc|locale|touchscreen|keyboard|keyboardHidden|navigation|orientation|screenLayout|uiMode|screenSize|smallestScreenSize|fontScale|layoutDirection|density"
47-->[:unityLibrary] AndroidManifest.xml:30:13-194
48            android:hardwareAccelerated="false"
48-->[:unityLibrary] AndroidManifest.xml:31:13-48
49            android:launchMode="singleTask"
49-->[:unityLibrary] AndroidManifest.xml:32:13-44
50            android:screenOrientation="fullSensor"
50-->[:unityLibrary] AndroidManifest.xml:33:13-51
51            android:theme="@style/UnityThemeSelector" >
51-->[:unityLibrary] AndroidManifest.xml:34:13-54
52            <intent-filter>
52-->[:unityLibrary] AndroidManifest.xml:35:13-39:29
53                <action android:name="android.intent.action.MAIN" />
53-->[:unityLibrary] AndroidManifest.xml:36:17-69
53-->[:unityLibrary] AndroidManifest.xml:36:25-66
54
55                <category android:name="android.intent.category.LAUNCHER" />
55-->[:unityLibrary] AndroidManifest.xml:38:17-77
55-->[:unityLibrary] AndroidManifest.xml:38:27-74
56            </intent-filter>
57
58            <meta-data
58-->[:unityLibrary] AndroidManifest.xml:41:13-43:40
59                android:name="unityplayer.UnityActivity"
59-->[:unityLibrary] AndroidManifest.xml:42:17-57
60                android:value="true" />
60-->[:unityLibrary] AndroidManifest.xml:43:17-37
61            <meta-data
61-->[:unityLibrary] AndroidManifest.xml:44:13-46:40
62                android:name="android.notch_support"
62-->[:unityLibrary] AndroidManifest.xml:45:17-53
63                android:value="true" />
63-->[:unityLibrary] AndroidManifest.xml:46:17-37
64        </activity>
65
66        <meta-data
66-->[:unityLibrary] AndroidManifest.xml:49:9-51:33
67            android:name="unity.splash-mode"
67-->[:unityLibrary] AndroidManifest.xml:50:13-45
68            android:value="0" />
68-->[:unityLibrary] AndroidManifest.xml:51:13-30
69        <meta-data
69-->[:unityLibrary] AndroidManifest.xml:52:9-54:36
70            android:name="unity.splash-enable"
70-->[:unityLibrary] AndroidManifest.xml:53:13-47
71            android:value="True" />
71-->[:unityLibrary] AndroidManifest.xml:54:13-33
72        <meta-data
72-->[:unityLibrary] AndroidManifest.xml:55:9-57:50
73            android:name="notch.config"
73-->[:unityLibrary] AndroidManifest.xml:56:13-40
74            android:value="portrait|landscape" />
74-->[:unityLibrary] AndroidManifest.xml:57:13-47
75        <meta-data
75-->[:unityLibrary] AndroidManifest.xml:58:9-60:68
76            android:name="unity.build-id"
76-->[:unityLibrary] AndroidManifest.xml:59:13-42
77            android:value="279fdabb-4b3d-4547-9d9b-692673d78d0c" />
77-->[:unityLibrary] AndroidManifest.xml:60:13-65
78    </application>
79
80</manifest>